<?xml version="1.0" encoding="UTF-8"?>
<testsuite name="pl.byte2byte.Byte2byteApplicationTests" tests="1" skipped="0" failures="0" errors="0" timestamp="2020-12-07T15:46:56" hostname="LAPTOP-2JHTQSFL" time="0.347">
  <properties/>
  <testcase name="contextLoads()" classname="pl.byte2byte.Byte2byteApplicationTests" time="0.347"/>
  <system-out><![CDATA[16:46:53.508 [Test worker] DEBUG org.springframework.test.context.BootstrapUtils - Instantiating CacheAwareContextLoaderDelegate from class [org.springframework.test.context.cache.DefaultCacheAwareContextLoaderDelegate]
16:46:53.532 [Test worker] DEBUG org.springframework.test.context.BootstrapUtils - Instantiating BootstrapContext using constructor [public org.springframework.test.context.support.DefaultBootstrapContext(java.lang.Class,org.springframework.test.context.CacheAwareContextLoaderDelegate)]
16:46:53.575 [Test worker] DEBUG org.springframework.test.context.BootstrapUtils - Instantiating TestContextBootstrapper for test class [pl.byte2byte.Byte2byteApplicationTests] from class [org.springframework.boot.test.context.SpringBootTestContextBootstrapper]
16:46:53.600 [Test worker] INFO org.springframework.boot.test.context.SpringBootTestContextBootstrapper - Neither @ContextConfiguration nor @ContextHierarchy found for test class [pl.byte2byte.Byte2byteApplicationTests], using SpringBootContextLoader
16:46:53.608 [Test worker] DEBUG org.springframework.test.context.support.AbstractContextLoader - Did not detect default resource location for test class [pl.byte2byte.Byte2byteApplicationTests]: class path resource [pl/byte2byte/Byte2byteApplicationTests-context.xml] does not exist
16:46:53.609 [Test worker] DEBUG org.springframework.test.context.support.AbstractContextLoader - Did not detect default resource location for test class [pl.byte2byte.Byte2byteApplicationTests]: class path resource [pl/byte2byte/Byte2byteApplicationTestsContext.groovy] does not exist
16:46:53.610 [Test worker] INFO org.springframework.test.context.support.AbstractContextLoader - Could not detect default resource locations for test class [pl.byte2byte.Byte2byteApplicationTests]: no resource found for suffixes {-context.xml, Context.groovy}.
16:46:53.611 [Test worker] INFO org.springframework.test.context.support.AnnotationConfigContextLoaderUtils - Could not detect default configuration classes for test class [pl.byte2byte.Byte2byteApplicationTests]: Byte2byteApplicationTests does not declare any static, non-private, non-final, nested classes annotated with @Configuration.
16:46:53.679 [Test worker] DEBUG org.springframework.test.context.support.ActiveProfilesUtils - Could not find an 'annotation declaring class' for annotation type [org.springframework.test.context.ActiveProfiles] and class [pl.byte2byte.Byte2byteApplicationTests]
16:46:53.759 [Test worker] DEBUG org.springframework.context.annotation.ClassPathScanningCandidateComponentProvider - Identified candidate component class: file [C:\git\Calinotheca\byte2byte\build\classes\java\main\pl\byte2byte\Byte2byteApplication.class]
16:46:53.761 [Test worker] INFO org.springframework.boot.test.context.SpringBootTestContextBootstrapper - Found @SpringBootConfiguration pl.byte2byte.Byte2byteApplication for test class pl.byte2byte.Byte2byteApplicationTests
16:46:53.863 [Test worker] DEBUG org.springframework.boot.test.context.SpringBootTestContextBootstrapper - @TestExecutionListeners is not present for class [pl.byte2byte.Byte2byteApplicationTests]: using defaults.
16:46:53.864 [Test worker] INFO org.springframework.boot.test.context.SpringBootTestContextBootstrapper - Loaded default TestExecutionListener class names from location [META-INF/spring.factories]: [org.springframework.boot.test.autoconfigure.restdocs.RestDocsTestExecutionListener, org.springframework.boot.test.autoconfigure.web.client.MockRestServiceServerResetTestExecutionListener, org.springframework.boot.test.autoconfigure.web.servlet.MockMvcPrintOnlyOnFailureTestExecutionListener, org.springframework.boot.test.autoconfigure.web.servlet.WebDriverTestExecutionListener, org.springframework.boot.test.autoconfigure.webservices.client.MockWebServiceServerTestExecutionListener, org.springframework.boot.test.mock.mockito.MockitoTestExecutionListener, org.springframework.boot.test.mock.mockito.ResetMocksTestExecutionListener, org.springframework.test.context.web.ServletTestExecutionListener, org.springframework.test.context.support.DirtiesContextBeforeModesTestExecutionListener, org.springframework.test.context.support.DependencyInjectionTestExecutionListener, org.springframework.test.context.support.DirtiesContextTestExecutionListener, org.springframework.test.context.transaction.TransactionalTestExecutionListener, org.springframework.test.context.jdbc.SqlScriptsTestExecutionListener, org.springframework.test.context.event.EventPublishingTestExecutionListener]
16:46:53.878 [Test worker] DEBUG org.springframework.boot.test.context.SpringBootTestContextBootstrapper - Skipping candidate TestExecutionListener [org.springframework.test.context.transaction.TransactionalTestExecutionListener] due to a missing dependency. Specify custom listener classes or make the default listener classes and their required dependencies available. Offending class: [org/springframework/transaction/interceptor/TransactionAttributeSource]
16:46:53.879 [Test worker] DEBUG org.springframework.boot.test.context.SpringBootTestContextBootstrapper - Skipping candidate TestExecutionListener [org.springframework.test.context.jdbc.SqlScriptsTestExecutionListener] due to a missing dependency. Specify custom listener classes or make the default listener classes and their required dependencies available. Offending class: [org/springframework/transaction/interceptor/TransactionAttribute]
16:46:53.879 [Test worker] INFO org.springframework.boot.test.context.SpringBootTestContextBootstrapper - Using TestExecutionListeners: [org.springframework.test.context.web.ServletTestExecutionListener@4b5da195, org.springframework.test.context.support.DirtiesContextBeforeModesTestExecutionListener@6e2d5c11, org.springframework.boot.test.mock.mockito.MockitoTestExecutionListener@4f491f47, org.springframework.boot.test.autoconfigure.SpringBootDependencyInjectionTestExecutionListener@2ca5afac, org.springframework.test.context.support.DirtiesContextTestExecutionListener@a52e2a4, org.springframework.test.context.event.EventPublishingTestExecutionListener@e1bfa2b, org.springframework.boot.test.autoconfigure.restdocs.RestDocsTestExecutionListener@9af7f88, org.springframework.boot.test.autoconfigure.web.client.MockRestServiceServerResetTestExecutionListener@8f679de, org.springframework.boot.test.autoconfigure.web.servlet.MockMvcPrintOnlyOnFailureTestExecutionListener@152cfda6, org.springframework.boot.test.autoconfigure.web.servlet.WebDriverTestExecutionListener@44b7878a, org.springframework.boot.test.autoconfigure.webservices.client.MockWebServiceServerTestExecutionListener@3616f3ab, org.springframework.boot.test.mock.mockito.ResetMocksTestExecutionListener@d95443e]
16:46:53.884 [Test worker] DEBUG org.springframework.test.context.support.AbstractDirtiesContextTestExecutionListener - Before test class: context [DefaultTestContext@17db596 testClass = Byte2byteApplicationTests, testInstance = [null], testMethod = [null], testException = [null], mergedContextConfiguration = [WebMergedContextConfiguration@45b804d5 testClass = Byte2byteApplicationTests, locations = '{}', classes = '{class pl.byte2byte.Byte2byteApplication}', contextInitializerClasses = '[]', activeProfiles = '{}', propertySourceLocations = '{}', propertySourceProperties = '{org.springframework.boot.test.context.SpringBootTestContextBootstrapper=true}', contextCustomizers = set[org.springframework.boot.test.autoconfigure.actuate.metrics.MetricsExportContextCustomizerFactory$DisableMetricExportContextCustomizer@23764076, org.springframework.boot.test.autoconfigure.properties.PropertyMappingContextCustomizer@0, org.springframework.boot.test.autoconfigure.web.servlet.WebDriverContextCustomizerFactory$Customizer@66d3798a, org.springframework.boot.test.context.filter.ExcludeFilterContextCustomizer@69a4b7ac, org.springframework.boot.test.json.DuplicateJsonObjectContextCustomizerFactory$DuplicateJsonObjectContextCustomizer@609d2ecf, org.springframework.boot.test.mock.mockito.MockitoContextCustomizer@0, org.springframework.boot.test.web.client.TestRestTemplateContextCustomizer@2cadec28, org.springframework.boot.test.web.reactive.server.WebTestClientContextCustomizer@5a4a0fdd, org.springframework.boot.test.context.SpringBootTestArgs@1, org.springframework.boot.test.context.SpringBootTestWebEnvironment@6bbcbf78], resourceBasePath = 'src/main/webapp', contextLoader = 'org.springframework.boot.test.context.SpringBootContextLoader', parent = [null]], attributes = map['org.springframework.test.context.web.ServletTestExecutionListener.activateListener' -> true]], class annotated with @DirtiesContext [false] with mode [null].
16:46:53.939 [Test worker] DEBUG org.springframework.test.context.support.TestPropertySourceUtils - Adding inlined properties to environment: {spring.jmx.enabled=false, org.springframework.boot.test.context.SpringBootTestContextBootstrapper=true}

  .   ____          _            __ _ _
 /\\ / ___'_ __ _ _(_)_ __  __ _ \ \ \ \
( ( )\___ | '_ | '_| | '_ \/ _` | \ \ \ \
 \\/  ___)| |_)| | | | | || (_| |  ) ) ) )
  '  |____| .__|_| |_|_| |_\__, | / / / /
 =========|_|==============|___/=/_/_/_/
 :: Spring Boot ::                (v2.4.0)

2020-12-07 16:46:54.254  INFO 6784 --- [    Test worker] pl.byte2byte.Byte2byteApplicationTests   : Starting Byte2byteApplicationTests using Java 11.0.8 on LAPTOP-2JHTQSFL with PID 6784 (started by kwasc in C:\git\Calinotheca\byte2byte)
2020-12-07 16:46:54.256  INFO 6784 --- [    Test worker] pl.byte2byte.Byte2byteApplicationTests   : No active profile set, falling back to default profiles: default
2020-12-07 16:46:55.236  INFO 6784 --- [    Test worker] trationDelegate$BeanPostProcessorChecker : Bean 'org.springframework.ws.config.annotation.DelegatingWsConfiguration' of type [org.springframework.ws.config.annotation.DelegatingWsConfiguration$$EnhancerBySpringCGLIB$$57f8dc08] is not eligible for getting processed by all BeanPostProcessors (for example: not eligible for auto-proxying)
2020-12-07 16:46:55.316  INFO 6784 --- [    Test worker] .w.s.a.s.AnnotationActionEndpointMapping : Supporting [WS-Addressing August 2004, WS-Addressing 1.0]
2020-12-07 16:46:55.856  INFO 6784 --- [    Test worker] o.s.s.concurrent.ThreadPoolTaskExecutor  : Initializing ExecutorService 'applicationTaskExecutor'
2020-12-07 16:46:56.002  INFO 6784 --- [    Test worker] o.s.b.a.w.s.WelcomePageHandlerMapping    : Adding welcome page template: index
2020-12-07 16:46:56.320  INFO 6784 --- [    Test worker] pl.byte2byte.Byte2byteApplicationTests   : Started Byte2byteApplicationTests in 2.372 seconds (JVM running for 3.764)
]]></system-out>
  <system-err><![CDATA[]]></system-err>
</testsuite>
