<?xml version="1.0" encoding="UTF-8"?>
<testsuite name="pl.byte2byte.Byte2byteApplicationTests" tests="1" skipped="0" failures="0" errors="0" timestamp="2020-12-07T15:06:08" hostname="LAPTOP-2JHTQSFL" time="0.455">
  <properties/>
  <testcase name="contextLoads()" classname="pl.byte2byte.Byte2byteApplicationTests" time="0.455"/>
  <system-out><![CDATA[16:06:05.452 [Test worker] DEBUG org.springframework.test.context.BootstrapUtils - Instantiating CacheAwareContextLoaderDelegate from class [org.springframework.test.context.cache.DefaultCacheAwareContextLoaderDelegate]
16:06:05.467 [Test worker] DEBUG org.springframework.test.context.BootstrapUtils - Instantiating BootstrapContext using constructor [public org.springframework.test.context.support.DefaultBootstrapContext(java.lang.Class,org.springframework.test.context.CacheAwareContextLoaderDelegate)]
16:06:05.523 [Test worker] DEBUG org.springframework.test.context.BootstrapUtils - Instantiating TestContextBootstrapper for test class [pl.byte2byte.Byte2byteApplicationTests] from class [org.springframework.boot.test.context.SpringBootTestContextBootstrapper]
16:06:05.535 [Test worker] INFO org.springframework.boot.test.context.SpringBootTestContextBootstrapper - Neither @ContextConfiguration nor @ContextHierarchy found for test class [pl.byte2byte.Byte2byteApplicationTests], using SpringBootContextLoader
16:06:05.541 [Test worker] DEBUG org.springframework.test.context.support.AbstractContextLoader - Did not detect default resource location for test class [pl.byte2byte.Byte2byteApplicationTests]: class path resource [pl/byte2byte/Byte2byteApplicationTests-context.xml] does not exist
16:06:05.542 [Test worker] DEBUG org.springframework.test.context.support.AbstractContextLoader - Did not detect default resource location for test class [pl.byte2byte.Byte2byteApplicationTests]: class path resource [pl/byte2byte/Byte2byteApplicationTestsContext.groovy] does not exist
16:06:05.542 [Test worker] INFO org.springframework.test.context.support.AbstractContextLoader - Could not detect default resource locations for test class [pl.byte2byte.Byte2byteApplicationTests]: no resource found for suffixes {-context.xml, Context.groovy}.
16:06:05.543 [Test worker] INFO org.springframework.test.context.support.AnnotationConfigContextLoaderUtils - Could not detect default configuration classes for test class [pl.byte2byte.Byte2byteApplicationTests]: Byte2byteApplicationTests does not declare any static, non-private, non-final, nested classes annotated with @Configuration.
16:06:05.618 [Test worker] DEBUG org.springframework.test.context.support.ActiveProfilesUtils - Could not find an 'annotation declaring class' for annotation type [org.springframework.test.context.ActiveProfiles] and class [pl.byte2byte.Byte2byteApplicationTests]
16:06:05.718 [Test worker] DEBUG org.springframework.context.annotation.ClassPathScanningCandidateComponentProvider - Identified candidate component class: file [C:\git\Calinotheca\byte2byte\build\classes\java\main\pl\byte2byte\Byte2byteApplication.class]
16:06:05.719 [Test worker] INFO org.springframework.boot.test.context.SpringBootTestContextBootstrapper - Found @SpringBootConfiguration pl.byte2byte.Byte2byteApplication for test class pl.byte2byte.Byte2byteApplicationTests
16:06:05.941 [Test worker] DEBUG org.springframework.boot.test.context.SpringBootTestContextBootstrapper - @TestExecutionListeners is not present for class [pl.byte2byte.Byte2byteApplicationTests]: using defaults.
16:06:05.941 [Test worker] INFO org.springframework.boot.test.context.SpringBootTestContextBootstrapper - Loaded default TestExecutionListener class names from location [META-INF/spring.factories]: [org.springframework.boot.test.autoconfigure.restdocs.RestDocsTestExecutionListener, org.springframework.boot.test.autoconfigure.web.client.MockRestServiceServerResetTestExecutionListener, org.springframework.boot.test.autoconfigure.web.servlet.MockMvcPrintOnlyOnFailureTestExecutionListener, org.springframework.boot.test.autoconfigure.web.servlet.WebDriverTestExecutionListener, org.springframework.boot.test.autoconfigure.webservices.client.MockWebServiceServerTestExecutionListener, org.springframework.boot.test.mock.mockito.MockitoTestExecutionListener, org.springframework.boot.test.mock.mockito.ResetMocksTestExecutionListener, org.springframework.test.context.web.ServletTestExecutionListener, org.springframework.test.context.support.DirtiesContextBeforeModesTestExecutionListener, org.springframework.test.context.support.DependencyInjectionTestExecutionListener, org.springframework.test.context.support.DirtiesContextTestExecutionListener, org.springframework.test.context.transaction.TransactionalTestExecutionListener, org.springframework.test.context.jdbc.SqlScriptsTestExecutionListener, org.springframework.test.context.event.EventPublishingTestExecutionListener]
16:06:05.964 [Test worker] DEBUG org.springframework.boot.test.context.SpringBootTestContextBootstrapper - Skipping candidate TestExecutionListener [org.springframework.test.context.transaction.TransactionalTestExecutionListener] due to a missing dependency. Specify custom listener classes or make the default listener classes and their required dependencies available. Offending class: [org/springframework/transaction/interceptor/TransactionAttributeSource]
16:06:05.966 [Test worker] DEBUG org.springframework.boot.test.context.SpringBootTestContextBootstrapper - Skipping candidate TestExecutionListener [org.springframework.test.context.jdbc.SqlScriptsTestExecutionListener] due to a missing dependency. Specify custom listener classes or make the default listener classes and their required dependencies available. Offending class: [org/springframework/transaction/interceptor/TransactionAttribute]
16:06:05.967 [Test worker] INFO org.springframework.boot.test.context.SpringBootTestContextBootstrapper - Using TestExecutionListeners: [org.springframework.test.context.web.ServletTestExecutionListener@7fca3f63, org.springframework.test.context.support.DirtiesContextBeforeModesTestExecutionListener@68d14495, org.springframework.boot.test.mock.mockito.MockitoTestExecutionListener@2ca93d84, org.springframework.boot.test.autoconfigure.SpringBootDependencyInjectionTestExecutionListener@5166e629, org.springframework.test.context.support.DirtiesContextTestExecutionListener@7f79ea41, org.springframework.test.context.event.EventPublishingTestExecutionListener@1d6eecd7, org.springframework.boot.test.autoconfigure.restdocs.RestDocsTestExecutionListener@784eb7e3, org.springframework.boot.test.autoconfigure.web.client.MockRestServiceServerResetTestExecutionListener@1eff416d, org.springframework.boot.test.autoconfigure.web.servlet.MockMvcPrintOnlyOnFailureTestExecutionListener@2ee49b11, org.springframework.boot.test.autoconfigure.web.servlet.WebDriverTestExecutionListener@4486d24e, org.springframework.boot.test.autoconfigure.webservices.client.MockWebServiceServerTestExecutionListener@497a9492, org.springframework.boot.test.mock.mockito.ResetMocksTestExecutionListener@2dea50f9]
16:06:05.973 [Test worker] DEBUG org.springframework.test.context.support.AbstractDirtiesContextTestExecutionListener - Before test class: context [DefaultTestContext@2bc66d55 testClass = Byte2byteApplicationTests, testInstance = [null], testMethod = [null], testException = [null], mergedContextConfiguration = [WebMergedContextConfiguration@ebde230 testClass = Byte2byteApplicationTests, locations = '{}', classes = '{class pl.byte2byte.Byte2byteApplication}', contextInitializerClasses = '[]', activeProfiles = '{}', propertySourceLocations = '{}', propertySourceProperties = '{org.springframework.boot.test.context.SpringBootTestContextBootstrapper=true}', contextCustomizers = set[org.springframework.boot.test.autoconfigure.actuate.metrics.MetricsExportContextCustomizerFactory$DisableMetricExportContextCustomizer@3d8bb765, org.springframework.boot.test.autoconfigure.properties.PropertyMappingContextCustomizer@0, org.springframework.boot.test.autoconfigure.web.servlet.WebDriverContextCustomizerFactory$Customizer@3b7c7404, org.springframework.boot.test.context.filter.ExcludeFilterContextCustomizer@61e96282, org.springframework.boot.test.json.DuplicateJsonObjectContextCustomizerFactory$DuplicateJsonObjectContextCustomizer@2a35d78a, org.springframework.boot.test.mock.mockito.MockitoContextCustomizer@0, org.springframework.boot.test.web.client.TestRestTemplateContextCustomizer@42a12845, org.springframework.boot.test.web.reactive.server.WebTestClientContextCustomizer@2af9af93, org.springframework.boot.test.context.SpringBootTestArgs@1, org.springframework.boot.test.context.SpringBootTestWebEnvironment@38bfd09d], resourceBasePath = 'src/main/webapp', contextLoader = 'org.springframework.boot.test.context.SpringBootContextLoader', parent = [null]], attributes = map['org.springframework.test.context.web.ServletTestExecutionListener.activateListener' -> true]], class annotated with @DirtiesContext [false] with mode [null].
16:06:06.046 [Test worker] DEBUG org.springframework.test.context.support.TestPropertySourceUtils - Adding inlined properties to environment: {spring.jmx.enabled=false, org.springframework.boot.test.context.SpringBootTestContextBootstrapper=true}

  .   ____          _            __ _ _
 /\\ / ___'_ __ _ _(_)_ __  __ _ \ \ \ \
( ( )\___ | '_ | '_| | '_ \/ _` | \ \ \ \
 \\/  ___)| |_)| | | | | || (_| |  ) ) ) )
  '  |____| .__|_| |_|_| |_\__, | / / / /
 =========|_|==============|___/=/_/_/_/
 :: Spring Boot ::                (v2.4.0)

2020-12-07 16:06:06.435  INFO 2052 --- [    Test worker] pl.byte2byte.Byte2byteApplicationTests   : Starting Byte2byteApplicationTests using Java 11.0.8 on LAPTOP-2JHTQSFL with PID 2052 (started by kwasc in C:\git\Calinotheca\byte2byte)
2020-12-07 16:06:06.440  INFO 2052 --- [    Test worker] pl.byte2byte.Byte2byteApplicationTests   : No active profile set, falling back to default profiles: default
2020-12-07 16:06:07.428  INFO 2052 --- [    Test worker] trationDelegate$BeanPostProcessorChecker : Bean 'org.springframework.ws.config.annotation.DelegatingWsConfiguration' of type [org.springframework.ws.config.annotation.DelegatingWsConfiguration$$EnhancerBySpringCGLIB$$3668c18e] is not eligible for getting processed by all BeanPostProcessors (for example: not eligible for auto-proxying)
2020-12-07 16:06:07.541  INFO 2052 --- [    Test worker] .w.s.a.s.AnnotationActionEndpointMapping : Supporting [WS-Addressing August 2004, WS-Addressing 1.0]
2020-12-07 16:06:08.205  INFO 2052 --- [    Test worker] o.s.s.concurrent.ThreadPoolTaskExecutor  : Initializing ExecutorService 'applicationTaskExecutor'
2020-12-07 16:06:08.367  INFO 2052 --- [    Test worker] o.s.b.a.w.s.WelcomePageHandlerMapping    : Adding welcome page template: index
2020-12-07 16:06:08.732  INFO 2052 --- [    Test worker] pl.byte2byte.Byte2byteApplicationTests   : Started Byte2byteApplicationTests in 2.672 seconds (JVM running for 4.672)
]]></system-out>
  <system-err><![CDATA[]]></system-err>
</testsuite>
